# JRE version: OpenJDK Runtime Environment (8.0_242-b01) (build 1.8.0_242-release-1644-b01)
# Java VM: OpenJDK 64-Bit Server VM (25.242-b01 mixed mode windows-amd64 compressed oops)
Heap:
 PSYoungGen      total 570368K, used 199954K [0x00000000d5580000, 0x00000000ffc00000, 0x0000000100000000)
  eden space 447488K, 43% used [0x00000000d5580000,0x00000000e13bc968,0x00000000f0a80000)
  from space 122880K, 4% used [0x00000000f0a80000,0x00000000f0f88060,0x00000000f8280000)
  to   space 120320K, 0% used [0x00000000f8680000,0x00000000f8680000,0x00000000ffc00000)
 ParOldGen       total 482304K, used 239600K [0x0000000080000000, 0x000000009d700000, 0x00000000d5580000)
  object space 482304K, 49% used [0x0000000080000000,0x000000008e9fc180,0x000000009d700000)
 Metaspace       used 209050K, capacity 222170K, committed 222424K, reserved 1243136K
  class space    used 27054K, capacity 29531K, committed 29696K, reserved 1048576K
GC Heap History (10 events):
Event: 2573.796 GC heap before
{Heap before GC invocations=47 (full 6):
 PSYoungGen      total 559616K, used 451473K [0x00000000d5580000, 0x0000000100000000, 0x0000000100000000)
  eden space 431616K, 100% used [0x00000000d5580000,0x00000000efb00000,0x00000000efb00000)
  from space 128000K, 15% used [0x00000000f7800000,0x00000000f8b644e0,0x00000000ff500000)
  to   space 128000K, 0% used [0x00000000efb00000,0x00000000efb00000,0x00000000f7800000)
 ParOldGen       total 482304K, used 207565K [0x0000000080000000, 0x000000009d700000, 0x00000000d5580000)
  object space 482304K, 43% used [0x0000000080000000,0x000000008cab36e8,0x000000009d700000)
 Metaspace       used 208915K, capacity 222034K, committed 222424K, reserved 1243136K
  class space    used 27053K, capacity 29531K, committed 29696K, reserved 1048576K
Event: 2573.810 GC heap after
Heap after GC invocations=47 (full 6):
 PSYoungGen      total 559616K, used 14352K [0x00000000d5580000, 0x00000000fff00000, 0x0000000100000000)
  eden space 431616K, 0% used [0x00000000d5580000,0x00000000d5580000,0x00000000efb00000)
  from space 128000K, 11% used [0x00000000efb00000,0x00000000f0904050,0x00000000f7800000)
  to   space 127488K, 0% used [0x00000000f8280000,0x00000000f8280000,0x00000000fff00000)
 ParOldGen       total 482304K, used 215826K [0x0000000080000000, 0x000000009d700000, 0x00000000d5580000)
  object space 482304K, 44% used [0x0000000080000000,0x000000008d2c4800,0x000000009d700000)
 Metaspace       used 208915K, capacity 222034K, committed 222424K, reserved 1243136K
  class space    used 27053K, capacity 29531K, committed 29696K, reserved 1048576K
}
Event: 2573.982 GC heap before
{Heap before GC invocations=48 (full 6):
 PSYoungGen      total 559616K, used 445968K [0x00000000d5580000, 0x00000000fff00000, 0x0000000100000000)
  eden space 431616K, 100% used [0x00000000d5580000,0x00000000efb00000,0x00000000efb00000)
  from space 128000K, 11% used [0x00000000efb00000,0x00000000f0904050,0x00000000f7800000)
  to   space 127488K, 0% used [0x00000000f8280000,0x00000000f8280000,0x00000000fff00000)
 ParOldGen       total 482304K, used 215826K [0x0000000080000000, 0x000000009d700000, 0x00000000d5580000)
  object space 482304K, 44% used [0x0000000080000000,0x000000008d2c4800,0x000000009d700000)
 Metaspace       used 208925K, capacity 222034K, committed 222424K, reserved 1243136K
  class space    used 27053K, capacity 29531K, committed 29696K, reserved 1048576K
Event: 2573.994 GC heap after
Heap after GC invocations=48 (full 6):
 PSYoungGen      total 569344K, used 12064K [0x00000000d5580000, 0x00000000ffd80000, 0x0000000100000000)
  eden space 443392K, 0% used [0x00000000d5580000,0x00000000d5580000,0x00000000f0680000)
  from space 125952K, 9% used [0x00000000f8280000,0x00000000f8e48010,0x00000000ffd80000)
  to   space 126464K, 0% used [0x00000000f0680000,0x00000000f0680000,0x00000000f8200000)
 ParOldGen       total 482304K, used 223250K [0x0000000080000000, 0x000000009d700000, 0x00000000d5580000)
  object space 482304K, 46% used [0x0000000080000000,0x000000008da04a88,0x000000009d700000)
 Metaspace       used 208925K, capacity 222034K, committed 222424K, reserved 1243136K
  class space    used 27053K, capacity 29531K, committed 29696K, reserved 1048576K
}
Event: 2574.137 GC heap before
{Heap before GC invocations=49 (full 6):
 PSYoungGen      total 569344K, used 455456K [0x00000000d5580000, 0x00000000ffd80000, 0x0000000100000000)
  eden space 443392K, 100% used [0x00000000d5580000,0x00000000f0680000,0x00000000f0680000)
  from space 125952K, 9% used [0x00000000f8280000,0x00000000f8e48010,0x00000000ffd80000)
  to   space 126464K, 0% used [0x00000000f0680000,0x00000000f0680000,0x00000000f8200000)
 ParOldGen       total 482304K, used 223250K [0x0000000080000000, 0x000000009d700000, 0x00000000d5580000)
  object space 482304K, 46% used [0x0000000080000000,0x000000008da04a88,0x000000009d700000)
 Metaspace       used 208985K, capacity 222106K, committed 222424K, reserved 1243136K
  class space    used 27054K, capacity 29531K, committed 29696K, reserved 1048576K
Event: 2574.147 GC heap after
Heap after GC invocations=49 (full 6):
 PSYoungGen      total 569856K, used 9952K [0x00000000d5580000, 0x00000000ffd80000, 0x0000000100000000)
  eden space 443392K, 0% used [0x00000000d5580000,0x00000000d5580000,0x00000000f0680000)
  from space 126464K, 7% used [0x00000000f0680000,0x00000000f10381a0,0x00000000f8200000)
  to   space 124928K, 0% used [0x00000000f8380000,0x00000000f8380000,0x00000000ffd80000)
 ParOldGen       total 482304K, used 228489K [0x0000000080000000, 0x000000009d700000, 0x00000000d5580000)
  object space 482304K, 47% used [0x0000000080000000,0x000000008df227c8,0x000000009d700000)
 Metaspace       used 208985K, capacity 222106K, committed 222424K, reserved 1243136K
  class space    used 27054K, capacity 29531K, committed 29696K, reserved 1048576K
}
Event: 2574.315 GC heap before
{Heap before GC invocations=50 (full 6):
 PSYoungGen      total 569856K, used 453344K [0x00000000d5580000, 0x00000000ffd80000, 0x0000000100000000)
  eden space 443392K, 100% used [0x00000000d5580000,0x00000000f0680000,0x00000000f0680000)
  from space 126464K, 7% used [0x00000000f0680000,0x00000000f10381a0,0x00000000f8200000)
  to   space 124928K, 0% used [0x00000000f8380000,0x00000000f8380000,0x00000000ffd80000)
 ParOldGen       total 482304K, used 228489K [0x0000000080000000, 0x000000009d700000, 0x00000000d5580000)
  object space 482304K, 47% used [0x0000000080000000,0x000000008df227c8,0x000000009d700000)
 Metaspace       used 209023K, capacity 222106K, committed 222424K, reserved 1243136K
  class space    used 27054K, capacity 29531K, committed 29696K, reserved 1048576K
Event: 2574.326 GC heap after
Heap after GC invocations=50 (full 6):
 PSYoungGen      total 569344K, used 8608K [0x00000000d5580000, 0x00000000ffa80000, 0x0000000100000000)
  eden space 447488K, 0% used [0x00000000d5580000,0x00000000d5580000,0x00000000f0a80000)
  from space 121856K, 7% used [0x00000000f8380000,0x00000000f8be8190,0x00000000ffa80000)
  to   space 122880K, 0% used [0x00000000f0a80000,0x00000000f0a80000,0x00000000f8280000)
 ParOldGen       total 482304K, used 235896K [0x0000000080000000, 0x000000009d700000, 0x00000000d5580000)
  object space 482304K, 48% used [0x0000000080000000,0x000000008e65e2c8,0x000000009d700000)
 Metaspace       used 209023K, capacity 222106K, committed 222424K, reserved 1243136K
  class space    used 27054K, capacity 29531K, committed 29696K, reserved 1048576K
}
Event: 2574.511 GC heap before
{Heap before GC invocations=51 (full 6):
 PSYoungGen      total 569344K, used 456096K [0x00000000d5580000, 0x00000000ffa80000, 0x0000000100000000)
  eden space 447488K, 100% used [0x00000000d5580000,0x00000000f0a80000,0x00000000f0a80000)
  from space 121856K, 7% used [0x00000000f8380000,0x00000000f8be8190,0x00000000ffa80000)
  to   space 122880K, 0% used [0x00000000f0a80000,0x00000000f0a80000,0x00000000f8280000)
 ParOldGen       total 482304K, used 235896K [0x0000000080000000, 0x000000009d700000, 0x00000000d5580000)
  object space 482304K, 48% used [0x0000000080000000,0x000000008e65e2c8,0x000000009d700000)
 Metaspace       used 209041K, capacity 222170K, committed 222424K, reserved 1243136K
  class space    used 27054K, capacity 29531K, committed 29696K, reserved 1048576K
Event: 2574.518 GC heap after
Heap after GC invocations=51 (full 6):
 PSYoungGen      total 570368K, used 5152K [0x00000000d5580000, 0x00000000ffc00000, 0x0000000100000000)
  eden space 447488K, 0% used [0x00000000d5580000,0x00000000d5580000,0x00000000f0a80000)
  from space 122880K, 4% used [0x00000000f0a80000,0x00000000f0f88060,0x00000000f8280000)
  to   space 120320K, 0% used [0x00000000f8680000,0x00000000f8680000,0x00000000ffc00000)
 ParOldGen       total 482304K, used 239600K [0x0000000080000000, 0x000000009d700000, 0x00000000d5580000)
  object space 482304K, 49% used [0x0000000080000000,0x000000008e9fc180,0x000000009d700000)
 Metaspace       used 209041K, capacity 222170K, committed 222424K, reserved 1243136K
  class space    used 27054K, capacity 29531K, committed 29696K, reserved 1048576K
}

